<?xml version="1.0" encoding="UTF-8"?>
<!-- Generated by org.testng.reporters.JUnitReportReporter -->
<testsuite skipped="0" hostname="DEVWKST037282" name="com.smartclaims.testCases.TC_NewClaim_MoreInfoNeeded" tests="4" failures="0" timestamp="31 Mar 2022 05:27:08 GMT" time="421.023" errors="0">
  <testcase name="loginDDT" time="2.449" classname="com.smartclaims.testCases.TC_NewClaim_MoreInfoNeeded"/>
  <testcase name="newClaim_moreInfo" time="139.284" classname="com.smartclaims.testCases.TC_NewClaim_MoreInfoNeeded"/>
  <testcase name="newClaim_moreInfo" time="139.656" classname="com.smartclaims.testCases.TC_NewClaim_MoreInfoNeeded"/>
  <testcase name="newClaim_moreInfo" time="139.634" classname="com.smartclaims.testCases.TC_NewClaim_MoreInfoNeeded"/>
</testsuite> <!-- com.smartclaims.testCases.TC_NewClaim_MoreInfoNeeded -->
