<?xml version="1.0" encoding="UTF-8"?>
<!-- Generated by org.testng.reporters.JUnitReportReporter -->
<testsuite hostname="DEVWKST037282" failures="0" tests="1" name="com.smartclaims.testCases.TC_LiabilityConNeg" time="140.763" errors="0" timestamp="2022-04-25T11:36:57 BST" skipped="0">
  <testcase classname="com.smartclaims.testCases.TC_LiabilityConNeg" name="addClaimFacts" time="140.763"/>
  <system-out/>
</testsuite> <!-- com.smartclaims.testCases.TC_LiabilityConNeg -->
