<?xml version="1.0" encoding="UTF-8"?>
<!-- Generated by org.testng.reporters.JUnitReportReporter -->
<testsuite hostname="DEVWKST037282" failures="0" tests="2" name="com.smartclaims.testCases.TC_DropClaim" time="157.518" errors="0" timestamp="2022-04-25T11:04:32 BST" skipped="0">
  <testcase classname="com.smartclaims.testCases.TC_DropClaim" name="dropClaim_unknown" time="75.256"/>
  <system-out/>
  <testcase classname="com.smartclaims.testCases.TC_DropClaim" name="dropClaim_skip" time="82.262"/>
  <system-out/>
</testsuite> <!-- com.smartclaims.testCases.TC_DropClaim -->
