<?xml version="1.0" encoding="UTF-8"?>
<!-- Generated by org.testng.reporters.JUnitReportReporter -->
<testsuite hostname="DEVWKST037282" failures="0" tests="4" name="com.smartclaims.testCases.TC_NewClaim_LiaDecisionOutstanding" time="431.359" errors="0" timestamp="2022-04-21T06:57:52 BST" skipped="0">
  <testcase classname="com.smartclaims.testCases.TC_NewClaim_LiaDecisionOutstanding" name="loginDDT" time="3.807"/>
  <system-out/>
  <testcase classname="com.smartclaims.testCases.TC_NewClaim_LiaDecisionOutstanding" name="newClaim_moreInfo" time="142.491"/>
  <system-out/>
  <testcase classname="com.smartclaims.testCases.TC_NewClaim_LiaDecisionOutstanding" name="newClaim_moreInfo" time="142.583"/>
  <system-out/>
  <testcase classname="com.smartclaims.testCases.TC_NewClaim_LiaDecisionOutstanding" name="newClaim_moreInfo" time="142.478"/>
  <system-out/>
</testsuite> <!-- com.smartclaims.testCases.TC_NewClaim_LiaDecisionOutstanding -->
