<?xml version="1.0" encoding="UTF-8"?>
<!-- Generated by org.testng.reporters.JUnitReportReporter -->
<testsuite skipped="0" hostname="DEVWKST037282" name="com.smartclaims.testCases.TC_EditClaimFacts_003" tests="5" failures="0" timestamp="03 Mar 2022 06:24:24 GMT" time="87.018" errors="0">
  <testcase name="kcg" time="1.149" classname="com.smartclaims.testCases.TC_EditClaimFacts_003"/>
  <testcase name="loginDDT" time="1.218" classname="com.smartclaims.testCases.TC_EditClaimFacts_003"/>
  <testcase name="searchClaimCard" time="4.169" classname="com.smartclaims.testCases.TC_EditClaimFacts_003"/>
  <testcase name="SelectClaimCard" time="5.174" classname="com.smartclaims.testCases.TC_EditClaimFacts_003"/>
  <testcase name="EditClaim" time="75.308" classname="com.smartclaims.testCases.TC_EditClaimFacts_003"/>
</testsuite> <!-- com.smartclaims.testCases.TC_EditClaimFacts_003 -->
