<?xml version="1.0" encoding="UTF-8"?>
<!-- Generated by org.testng.reporters.JUnitReportReporter -->
<testsuite hostname="DEVWKST037282" failures="0" tests="4" name="com.smartclaims.testCases.TC_NewClaim_LiaAdmittedNoSuspect" time="586.064" errors="0" timestamp="2022-04-18T10:12:12 BST" skipped="0">
  <testcase classname="com.smartclaims.testCases.TC_NewClaim_LiaAdmittedNoSuspect" name="loginDDT" time="3.685"/>
  <system-out/>
  <testcase classname="com.smartclaims.testCases.TC_NewClaim_LiaAdmittedNoSuspect" name="newClaim_LiabilityAdmittedNosuspect" time="193.956"/>
  <system-out/>
  <testcase classname="com.smartclaims.testCases.TC_NewClaim_LiaAdmittedNoSuspect" name="newClaim_LiabilityAdmittedNosuspect" time="194.056"/>
  <system-out/>
  <testcase classname="com.smartclaims.testCases.TC_NewClaim_LiaAdmittedNoSuspect" name="newClaim_LiabilityAdmittedNosuspect" time="194.367"/>
  <system-out/>
</testsuite> <!-- com.smartclaims.testCases.TC_NewClaim_LiaAdmittedNoSuspect -->
