<?xml version="1.0" encoding="UTF-8"?>
<!-- Generated by org.testng.reporters.JUnitReportReporter -->
<testsuite skipped="0" hostname="DEVWKST037282" name="com.smartclaims.testCases.TC_LoginTest_001" tests="1" failures="0" timestamp="22 Feb 2022 08:28:39 GMT" time="4.547" errors="0">
  <testcase name="loginTest" time="4.547" classname="com.smartclaims.testCases.TC_LoginTest_001"/>
</testsuite> <!-- com.smartclaims.testCases.TC_LoginTest_001 -->
