<?xml version="1.0" encoding="UTF-8"?>
<!-- Generated by org.testng.reporters.JUnitReportReporter -->
<testsuite hostname="DEVWKST037282" failures="0" tests="1" name="com.smartclaims.testCases.TC_NoLiability" time="177.133" errors="0" timestamp="2022-04-25T11:33:17 BST" skipped="0">
  <testcase classname="com.smartclaims.testCases.TC_NoLiability" name="addClaimFacts" time="177.133"/>
  <system-out/>
</testsuite> <!-- com.smartclaims.testCases.TC_NoLiability -->
